<?xml version="1.0" encoding="UTF-8"?>
<!-- Generated by org.testng.reporters.JUnitXMLReporter -->
<testsuite ignored="0" hostname="shreya-PC" failures="0" tests="5" name="Default test" time="41.561" errors="0" timestamp="08 Oct 2021 03:47:19 GMT">
  <testcase classname="com.qa.opencart.test.ProductInfoTest" name="productHeaderTest" time="5.88"/>
  <testcase classname="com.qa.opencart.test.ProductInfoTest" name="productImageCountTest" time="6.389"/>
  <testcase classname="com.qa.opencart.test.ProductInfoTest" name="productImageCountTest" time="5.542"/>
  <testcase classname="com.qa.opencart.test.ProductInfoTest" name="productImageCountTest" time="6.114"/>
  <testcase classname="com.qa.opencart.test.ProductInfoTest" name="productMetatadataTest" time="5.643"/>
</testsuite> <!-- Default test -->
