<?xml version="1.0" encoding="UTF-8"?>
<!-- Generated by org.testng.reporters.JUnitXMLReporter -->
<testsuite ignored="0" hostname="shreya-PC" failures="0" tests="10" name="Accounts page Test" time="120.697" errors="0" timestamp="11 Oct 2021 14:57:08 GMT">
  <testcase classname="com.qa.opencart.test.AccountsPageTest" name="accPageLogoutLinkTest" time="0.528"/>
  <testcase classname="com.qa.opencart.test.AccountsPageTest" name="accPageSearchTest" time="0.199"/>
  <testcase classname="com.qa.opencart.test.AccountsPageTest" name="accPageSecHeaderTest" time="0.33"/>
  <testcase classname="com.qa.opencart.test.AccountsPageTest" name="accPageTitleTest" time="0.032"/>
  <testcase classname="com.qa.opencart.test.AccountsPageTest" name="searchTest" time="4.032"/>
  <testcase classname="com.qa.opencart.test.AccountsPageTest" name="searchTest" time="5.183"/>
  <testcase classname="com.qa.opencart.test.AccountsPageTest" name="searchTest" time="3.121"/>
  <testcase classname="com.qa.opencart.test.AccountsPageTest" name="selectProductTest" time="21.386"/>
  <testcase classname="com.qa.opencart.test.AccountsPageTest" name="selectProductTest" time="18.51"/>
  <testcase classname="com.qa.opencart.test.AccountsPageTest" name="selectProductTest" time="9.006"/>
</testsuite> <!-- Accounts page Test -->
