<?xml version="1.0" encoding="UTF-8"?>
<!-- Generated by org.testng.reporters.JUnitXMLReporter -->
<testsuite ignored="0" hostname="shreya-PC" failures="0" tests="4" name="Login page Test" time="45.205" errors="0" timestamp="11 Oct 2021 14:55:54 GMT">
  <testcase classname="com.qa.opencart.test.LoginPageTest" name="forgotPwdLinkTest" time="0.965"/>
  <testcase classname="com.qa.opencart.test.LoginPageTest" name="loginPageTest" time="5.04"/>
  <testcase classname="com.qa.opencart.test.LoginPageTest" name="loginPageTitleTest" time="0.051"/>
  <testcase classname="com.qa.opencart.test.LoginPageTest" name="loginPageUrlTest" time="0.021"/>
</testsuite> <!-- Login page Test -->
