<?xml version="1.0" encoding="UTF-8"?>
<!-- Generated by org.testng.reporters.JUnitXMLReporter -->
<testsuite ignored="0" hostname="shreya-PC" failures="0" tests="10" name="Accounts page Test" time="68.052" errors="0" timestamp="07 Oct 2021 14:42:27 GMT">
  <testcase classname="com.qa.opencart.test.AccountsPageTest" name="accPageLogoutLinkTest" time="0.253"/>
  <testcase classname="com.qa.opencart.test.AccountsPageTest" name="accPageSearchTest" time="0.13"/>
  <testcase classname="com.qa.opencart.test.AccountsPageTest" name="accPageSecHeaderTest" time="0.451"/>
  <testcase classname="com.qa.opencart.test.AccountsPageTest" name="accPageTitleTest" time="0.129"/>
  <testcase classname="com.qa.opencart.test.AccountsPageTest" name="searchTest" time="2.309"/>
  <testcase classname="com.qa.opencart.test.AccountsPageTest" name="searchTest" time="3.407"/>
  <testcase classname="com.qa.opencart.test.AccountsPageTest" name="searchTest" time="4.117"/>
  <testcase classname="com.qa.opencart.test.AccountsPageTest" name="selectProductTest" time="10.239"/>
  <testcase classname="com.qa.opencart.test.AccountsPageTest" name="selectProductTest" time="8.665"/>
  <testcase classname="com.qa.opencart.test.AccountsPageTest" name="selectProductTest" time="8.495"/>
</testsuite> <!-- Accounts page Test -->
