<?xml version="1.0" encoding="UTF-8"?>
<!-- Generated by org.testng.reporters.JUnitXMLReporter -->
<testsuite ignored="0" hostname="shreya-PC" failures="0" tests="4" name="Login page Test" time="28.982" errors="0" timestamp="07 Oct 2021 14:41:48 GMT">
  <testcase classname="com.qa.opencart.test.LoginPageTest" name="forgotPwdLinkTest" time="1.194"/>
  <testcase classname="com.qa.opencart.test.LoginPageTest" name="loginPageTest" time="5.99"/>
  <testcase classname="com.qa.opencart.test.LoginPageTest" name="loginPageTitleTest" time="0.071"/>
  <testcase classname="com.qa.opencart.test.LoginPageTest" name="loginPageUrlTest" time="0.071"/>
</testsuite> <!-- Login page Test -->
