<?xml version="1.0" encoding="UTF-8"?>
<!-- Generated by org.testng.reporters.JUnitXMLReporter -->
<testsuite ignored="0" hostname="shreya-PC" failures="0" tests="4" name="ProductInfo page Test" time="68.349" errors="0" timestamp="07 Oct 2021 14:42:27 GMT">
  <testcase classname="com.qa.opencart.test.ProductInfoTest" name="productHeaderTest" time="9.292"/>
  <testcase classname="com.qa.opencart.test.ProductInfoTest" name="productImageCountTest" time="9.566"/>
  <testcase classname="com.qa.opencart.test.ProductInfoTest" name="productImageCountTest" time="11.126"/>
  <testcase classname="com.qa.opencart.test.ProductInfoTest" name="productImageCountTest" time="10.055"/>
</testsuite> <!-- ProductInfo page Test -->
